e:\360movedata\users\迟权睿\desktop\ctrlengine\ctrlengine\x64\debug\vc143.pdb
e:\360movedata\users\迟权睿\desktop\ctrlengine\ctrlengine\x64\debug\vc143.idb
e:\360movedata\users\迟权睿\desktop\ctrlengine\ctrlengine\x64\debug\vulkan-initialization.obj
e:\360movedata\users\迟权睿\desktop\ctrlengine\ctrlengine\x64\debug\cte_window.obj
e:\360movedata\users\迟权睿\desktop\ctrlengine\ctrlengine\x64\debug\c3d-render-obj.obj
e:\360movedata\users\迟权睿\desktop\ctrlengine\ctrlengine\x64\debug\ctrlengine.obj
e:\360movedata\users\迟权睿\desktop\ctrlengine\ctrlengine\x64\debug\application.obj
e:\360movedata\users\迟权睿\desktop\ctrlengine\ctrlengine\x64\debug\c2d-main.obj
e:\360movedata\users\迟权睿\desktop\ctrlengine\ctrlengine\x64\debug\c3d-pipeline.obj
e:\360movedata\users\迟权睿\desktop\ctrlengine\ctrlengine\x64\debug\readjson.obj
e:\360movedata\users\迟权睿\desktop\ctrlengine\ctrlengine\x64\debug\engine_device.obj
e:\360movedata\users\迟权睿\desktop\ctrlengine\x64\debug\ctrlengine.exe
e:\360movedata\users\迟权睿\desktop\ctrlengine\x64\debug\ctrlengine.pdb
e:\360movedata\users\迟权睿\desktop\ctrlengine\ctrlengine\x64\debug\ctrlengine.ilk
e:\360movedata\users\迟权睿\desktop\ctrlengine\ctrlengine\x64\debug\ctrlengine.tlog\cl.command.1.tlog
e:\360movedata\users\迟权睿\desktop\ctrlengine\ctrlengine\x64\debug\ctrlengine.tlog\cl.items.tlog
e:\360movedata\users\迟权睿\desktop\ctrlengine\ctrlengine\x64\debug\ctrlengine.tlog\cl.read.1.tlog
e:\360movedata\users\迟权睿\desktop\ctrlengine\ctrlengine\x64\debug\ctrlengine.tlog\cl.write.1.tlog
e:\360movedata\users\迟权睿\desktop\ctrlengine\ctrlengine\x64\debug\ctrlengine.tlog\link.command.1.tlog
e:\360movedata\users\迟权睿\desktop\ctrlengine\ctrlengine\x64\debug\ctrlengine.tlog\link.read.1.tlog
e:\360movedata\users\迟权睿\desktop\ctrlengine\ctrlengine\x64\debug\ctrlengine.tlog\link.secondary.1.tlog
e:\360movedata\users\迟权睿\desktop\ctrlengine\ctrlengine\x64\debug\ctrlengine.tlog\link.write.1.tlog
